<?xml version="1.0" encoding="UTF-8"?>
<!-- Generated by org.testng.reporters.JUnitReportReporter -->
<testsuite hostname="DESKTOP-RTJ0247" failures="0" tests="5" name="com.jala.qa.testlayer.employeeTestPage" time="98.594" errors="0" timestamp="2024-12-16T12:43:00 IST" skipped="0">
  <testcase classname="com.jala.qa.testlayer.employeeTestPage" name="employeeTestPage" time="19.345"/>
  <system-out/>
  <testcase classname="com.jala.qa.testlayer.employeeTestPage" name="employeeTestPage" time="19.543"/>
  <system-out/>
  <testcase classname="com.jala.qa.testlayer.employeeTestPage" name="employeeTestPage" time="20.206"/>
  <system-out/>
  <testcase classname="com.jala.qa.testlayer.employeeTestPage" name="employeeTestPage" time="19.091"/>
  <system-out/>
  <testcase classname="com.jala.qa.testlayer.employeeTestPage" name="employeeTestPage" time="20.409"/>
  <system-out/>
</testsuite> <!-- com.jala.qa.testlayer.employeeTestPage -->
