<?xml version="1.0" encoding="UTF-8"?>
<!-- Generated by org.testng.reporters.JUnitReportReporter -->
<testsuite hostname="DESKTOP-RTJ0247" failures="0" tests="1" name="com.jala.qa.utilitylayer.dataProvider1" time="1.202" errors="0" timestamp="2024-12-11T22:25:11 IST" skipped="0">
  <testcase classname="com.jala.qa.utilitylayer.dataProvider1" name="fetchDataFromExcel" time="1.202"/>
  <system-out/>
</testsuite> <!-- com.jala.qa.utilitylayer.dataProvider1 -->
