<?xml version="1.0" encoding="UTF-8"?>
<!-- Generated by org.testng.reporters.JUnitReportReporter -->
<testsuite hostname="DESKTOP-RTJ0247" failures="0" tests="1" name="com.jala.qa.pagelayer.loginPage" time="3.653" errors="0" timestamp="2024-12-04T22:04:10 IST" skipped="0">
  <testcase classname="com.jala.qa.pagelayer.loginPage" name="intialization" time="3.653"/>
  <system-out/>
</testsuite> <!-- com.jala.qa.pagelayer.loginPage -->
