<?xml version="1.0" encoding="UTF-8"?>
<!-- Generated by org.testng.reporters.JUnitReportReporter -->
<testsuite hostname="DESKTOP-RTJ0247" failures="0" tests="1" name="com.jala.qa.testlayer.homepagetest" time="10.194" errors="0" timestamp="2024-12-16T12:43:00 IST" skipped="0">
  <testcase classname="com.jala.qa.testlayer.homepagetest" name="validateHomePage" time="10.194"/>
  <system-out>
    <![CDATA[Page title matched]]>
  </system-out>
</testsuite> <!-- com.jala.qa.testlayer.homepagetest -->
